<?xml version="1.0" encoding="UTF-8"?>
<testsuite name="br.com.dio.desafioreactor.Question1Test" tests="1" skipped="0" failures="0" errors="0" timestamp="2023-11-05T18:43:05" hostname="LUISMEDEIROS" time="0.072">
  <properties/>
  <testcase name="incTest()" classname="br.com.dio.desafioreactor.Question1Test" time="0.072"/>
  <system-out><![CDATA[]]></system-out>
  <system-err><![CDATA[]]></system-err>
</testsuite>
